2026-05-29T18:13:43 sandboxproc.exe D:\DWASFiles\Sites\TaskPlannerApi\Temp\applicationhost.config True True
2026-05-29T18:13:43 env XPROC_TYPENAME=Microsoft.Web.Hosting.Transformers.ApplicationHost.SiteExtensionHelper, Microsoft.Web.Hosting, Version=7.1.0.0, Culture=neutral, PublicKeyToken=31bf3856ad364e35
2026-05-29T18:13:43 env XPROC_METHODNAME=Transform
2026-05-29T18:13:43 Start 'Microsoft.AspNetCore.AzureAppServices.SiteExtension' site extension transform
2026-05-29T18:13:44 StartSection Executing InsertIfMissing (transform line 7, 23)
2026-05-29T18:13:44 on /configuration/system.webServer
2026-05-29T18:13:44 Applying to 'configuration' element (no source line info)
2026-05-29T18:13:44 EndSection Done executing InsertIfMissing
2026-05-29T18:13:44 StartSection Executing InsertIfMissing (transform line 8, 16)
2026-05-29T18:13:44 on /configuration/system.webServer/runtime
2026-05-29T18:13:44 Applying to 'system.webServer' element (no source line info)
2026-05-29T18:13:44 Inserted 'runtime' element
2026-05-29T18:13:44 EndSection Done executing InsertIfMissing
2026-05-29T18:13:44 StartSection Executing InsertIfMissing (transform line 9, 31)
2026-05-29T18:13:44 on /configuration/system.webServer/runtime/environmentVariables
2026-05-29T18:13:44 Applying to 'runtime' element (no source line info)
2026-05-29T18:13:44 EndSection Done executing InsertIfMissing
2026-05-29T18:13:44 StartSection Executing InsertOrAppendAttribute (transform line 10, 406)
2026-05-29T18:13:44 on /configuration/system.webServer/runtime/environmentVariables/add[@name='DOTNET_ADDITIONAL_DEPS']
2026-05-29T18:13:44 Applying to 'environmentVariables' element (no source line info)
2026-05-29T18:13:44 EndSection Done executing InsertOrAppendAttribute
2026-05-29T18:13:44 StartSection Executing InsertOrAppendAttribute (transform line 11, 158)
2026-05-29T18:13:44 on /configuration/system.webServer/runtime/environmentVariables/add[@name='DOTNET_SHARED_STORE']
2026-05-29T18:13:44 Applying to 'environmentVariables' element (no source line info)
2026-05-29T18:13:44 EndSection Done executing InsertOrAppendAttribute
2026-05-29T18:13:44 StartSection Executing InsertOrAppendAttribute (transform line 12, 146)
2026-05-29T18:13:44 on /configuration/system.webServer/runtime/environmentVariables/add[@name='ASPNETCORE_HOSTINGSTARTUPASSEMBLIES']
2026-05-29T18:13:44 Applying to 'environmentVariables' element (no source line info)
2026-05-29T18:13:44 EndSection Done executing InsertOrAppendAttribute
2026-05-29T18:13:44 Successful 'C:\home\SiteExtensions\Microsoft.AspNetCore.AzureAppServices.SiteExtension\applicationHost.xdt' site extension transform
2026-05-29T18:13:44 sandboxproc.exe complete successfully. Elapsed = 236.00 ms
